0 verbose cli /home/krishna/.nvm/versions/node/v24.1.0/bin/node /home/krishna/.nvm/versions/node/v24.1.0/bin/npm
1 info using npm@11.5.1
2 info using node@v24.1.0
3 silly config load:file:/home/krishna/.nvm/versions/node/v24.1.0/lib/node_modules/npm/npmrc
4 silly config load:file:/home/krishna/admybrand-insights/.npmrc
5 silly config load:file:/home/krishna/.npmrc
6 silly config load:file:/home/krishna/.nvm/versions/node/v24.1.0/etc/npmrc
7 verbose title npm install html2canvas jspdf
8 verbose argv "install" "html2canvas" "jspdf"
9 verbose logfile logs-max:10 dir:/home/krishna/admybrand-insights/npm-cache/_logs/2025-08-01T18_39_20_212Z-
10 verbose logfile /home/krishna/admybrand-insights/npm-cache/_logs/2025-08-01T18_39_20_212Z-debug-0.log
11 silly logfile start cleaning logs, removing 1 files
12 silly packumentCache heap:2348810240 maxSize:587202560 maxEntrySize:293601280
13 silly logfile done cleaning log files
14 silly idealTree buildDeps
15 silly fetch manifest html2canvas@*
16 silly packumentCache full:https://registry.npmjs.org/html2canvas cache-miss
17 http fetch GET 200 https://registry.npmjs.org/html2canvas 1016ms (cache miss)
18 silly packumentCache full:https://registry.npmjs.org/html2canvas set size:undefined disposed:false
19 silly fetch manifest jspdf@*
20 silly packumentCache full:https://registry.npmjs.org/jspdf cache-miss
21 http fetch GET 200 https://registry.npmjs.org/jspdf 243ms (cache miss)
22 silly packumentCache full:https://registry.npmjs.org/jspdf set size:undefined disposed:false
23 silly placeDep ROOT html2canvas@1.4.1 OK for: admybrand-insights@0.1.0 want: *
24 silly placeDep ROOT jspdf@3.0.1 OK for: admybrand-insights@0.1.0 want: *
25 silly fetch manifest css-line-break@^2.1.0
26 silly packumentCache full:https://registry.npmjs.org/css-line-break cache-miss
27 silly fetch manifest text-segmentation@^1.0.3
28 silly packumentCache full:https://registry.npmjs.org/text-segmentation cache-miss
29 silly fetch manifest @babel/runtime@^7.26.7
30 silly packumentCache full:https://registry.npmjs.org/@babel%2fruntime cache-miss
31 http fetch GET 200 https://registry.npmjs.org/css-line-break 208ms (cache miss)
32 silly packumentCache full:https://registry.npmjs.org/css-line-break set size:undefined disposed:false
33 silly fetch manifest atob@^2.1.2
34 silly packumentCache full:https://registry.npmjs.org/atob cache-miss
35 http fetch GET 200 https://registry.npmjs.org/atob 117ms (cache miss)
36 silly packumentCache full:https://registry.npmjs.org/atob set size:undefined disposed:false
37 silly fetch manifest btoa@^1.2.1
38 silly packumentCache full:https://registry.npmjs.org/btoa cache-miss
39 http fetch GET 200 https://registry.npmjs.org/btoa 275ms (cache miss)
40 silly packumentCache full:https://registry.npmjs.org/btoa set size:undefined disposed:false
41 silly fetch manifest fflate@^0.8.1
42 silly packumentCache full:https://registry.npmjs.org/fflate cache-miss
43 http fetch GET 200 https://registry.npmjs.org/text-segmentation 638ms (cache miss)
44 silly packumentCache full:https://registry.npmjs.org/text-segmentation set size:undefined disposed:false
45 silly fetch manifest canvg@^3.0.11
46 silly packumentCache full:https://registry.npmjs.org/canvg cache-miss
47 http fetch GET 200 https://registry.npmjs.org/fflate 314ms (cache miss)
48 silly packumentCache full:https://registry.npmjs.org/fflate set size:undefined disposed:false
49 silly fetch manifest core-js@^3.6.0
50 silly packumentCache full:https://registry.npmjs.org/core-js cache-miss
51 http fetch GET 200 https://registry.npmjs.org/canvg 320ms (cache miss)
52 silly packumentCache full:https://registry.npmjs.org/canvg set size:undefined disposed:false
53 silly fetch manifest dompurify@^3.2.4
54 silly packumentCache full:https://registry.npmjs.org/dompurify cache-miss
55 http fetch GET 200 https://registry.npmjs.org/@babel%2fruntime 1276ms (cache miss)
56 silly packumentCache full:https://registry.npmjs.org/@babel%2fruntime set size:undefined disposed:false
57 http fetch GET 200 https://registry.npmjs.org/dompurify 399ms (cache miss)
58 silly packumentCache full:https://registry.npmjs.org/dompurify set size:undefined disposed:false
59 http fetch GET 200 https://registry.npmjs.org/core-js 479ms (cache miss)
60 silly packumentCache full:https://registry.npmjs.org/core-js set size:undefined disposed:false
61 silly placeDep ROOT css-line-break@2.1.0 OK for: html2canvas@1.4.1 want: ^2.1.0
62 silly placeDep ROOT text-segmentation@1.0.3 OK for: html2canvas@1.4.1 want: ^1.0.3
63 silly fetch manifest utrie@^1.0.2
64 silly packumentCache full:https://registry.npmjs.org/utrie cache-miss
65 silly fetch manifest utrie@^1.0.2
66 silly packumentCache full:https://registry.npmjs.org/utrie cache-miss
67 http fetch GET 200 https://registry.npmjs.org/utrie 73ms (cache miss)
68 silly packumentCache full:https://registry.npmjs.org/utrie set size:undefined disposed:false
69 http fetch GET 200 https://registry.npmjs.org/utrie 134ms (cache miss)
70 silly packumentCache full:https://registry.npmjs.org/utrie set size:undefined disposed:false
71 silly placeDep ROOT utrie@1.0.2 OK for: css-line-break@2.1.0 want: ^1.0.2
72 silly fetch manifest base64-arraybuffer@^1.0.2
73 silly packumentCache full:https://registry.npmjs.org/base64-arraybuffer cache-miss
74 http fetch GET 200 https://registry.npmjs.org/base64-arraybuffer 220ms (cache miss)
75 silly packumentCache full:https://registry.npmjs.org/base64-arraybuffer set size:undefined disposed:false
76 silly placeDep ROOT @babel/runtime@7.28.2 OK for: jspdf@3.0.1 want: ^7.26.7
77 silly placeDep ROOT atob@2.1.2 OK for: jspdf@3.0.1 want: ^2.1.2
78 silly placeDep ROOT btoa@1.2.1 OK for: jspdf@3.0.1 want: ^1.2.1
79 silly placeDep ROOT canvg@3.0.11 OK for: jspdf@3.0.1 want: ^3.0.11
80 silly placeDep ROOT core-js@3.44.0 OK for: jspdf@3.0.1 want: ^3.6.0
81 silly placeDep ROOT dompurify@3.2.6 OK for: jspdf@3.0.1 want: ^3.2.4
82 silly placeDep ROOT fflate@0.8.2 OK for: jspdf@3.0.1 want: ^0.8.1
83 silly fetch manifest raf@^3.4.1
84 silly packumentCache full:https://registry.npmjs.org/raf cache-miss
85 silly fetch manifest core-js@^3.8.3
86 silly packumentCache full:https://registry.npmjs.org/core-js cache-miss
87 silly fetch manifest rgbcolor@^1.0.1
88 silly packumentCache full:https://registry.npmjs.org/rgbcolor cache-miss
89 http cache https://registry.npmjs.org/core-js 26ms (cache hit)
90 silly packumentCache full:https://registry.npmjs.org/core-js set size:765745 disposed:false
91 silly fetch manifest @types/raf@^3.4.0
92 silly packumentCache full:https://registry.npmjs.org/@types%2fraf cache-miss
93 http fetch GET 200 https://registry.npmjs.org/raf 309ms (cache miss)
94 silly packumentCache full:https://registry.npmjs.org/raf set size:undefined disposed:false
95 silly fetch manifest svg-pathdata@^6.0.3
96 silly packumentCache full:https://registry.npmjs.org/svg-pathdata cache-miss
97 http fetch GET 200 https://registry.npmjs.org/rgbcolor 314ms (cache miss)
98 silly packumentCache full:https://registry.npmjs.org/rgbcolor set size:undefined disposed:false
99 silly fetch manifest stackblur-canvas@^2.0.0
100 silly packumentCache full:https://registry.npmjs.org/stackblur-canvas cache-miss
101 http fetch GET 200 https://registry.npmjs.org/@types%2fraf 284ms (cache miss)
102 silly packumentCache full:https://registry.npmjs.org/@types%2fraf set size:undefined disposed:false
103 silly fetch manifest regenerator-runtime@^0.13.7
104 silly packumentCache full:https://registry.npmjs.org/regenerator-runtime cache-miss
105 http fetch GET 200 https://registry.npmjs.org/stackblur-canvas 100ms (cache miss)
106 silly packumentCache full:https://registry.npmjs.org/stackblur-canvas set size:undefined disposed:false
107 silly fetch manifest @types/trusted-types@^2.0.7
108 silly packumentCache full:https://registry.npmjs.org/@types%2ftrusted-types cache-miss
109 http fetch GET 200 https://registry.npmjs.org/svg-pathdata 113ms (cache miss)
110 silly packumentCache full:https://registry.npmjs.org/svg-pathdata set size:undefined disposed:false
111 http fetch GET 200 https://registry.npmjs.org/regenerator-runtime 278ms (cache miss)
112 silly packumentCache full:https://registry.npmjs.org/regenerator-runtime set size:undefined disposed:false
113 http fetch GET 200 https://registry.npmjs.org/@types%2ftrusted-types 232ms (cache miss)
114 silly packumentCache full:https://registry.npmjs.org/@types%2ftrusted-types set size:undefined disposed:false
115 silly placeDep ROOT @types/raf@3.4.3 OK for: canvg@3.0.11 want: ^3.4.0
116 silly placeDep ROOT raf@3.4.1 OK for: canvg@3.0.11 want: ^3.4.1
117 silly placeDep ROOT regenerator-runtime@0.13.11 OK for: canvg@3.0.11 want: ^0.13.7
118 silly placeDep ROOT rgbcolor@1.0.1 OK for: canvg@3.0.11 want: ^1.0.1
119 silly placeDep ROOT stackblur-canvas@2.7.0 OK for: canvg@3.0.11 want: ^2.0.0
120 silly placeDep ROOT svg-pathdata@6.0.3 OK for: canvg@3.0.11 want: ^6.0.3
121 silly fetch manifest performance-now@^2.1.0
122 silly packumentCache full:https://registry.npmjs.org/performance-now cache-miss
123 http fetch GET 200 https://registry.npmjs.org/performance-now 100ms (cache miss)
124 silly packumentCache full:https://registry.npmjs.org/performance-now set size:undefined disposed:false
125 silly placeDep ROOT @types/trusted-types@2.0.7 OK for: dompurify@3.2.6 want: ^2.0.7
126 silly placeDep ROOT performance-now@2.1.0 OK for: raf@3.4.1 want: ^2.1.0
127 silly placeDep ROOT base64-arraybuffer@1.0.2 OK for: utrie@1.0.2 want: ^1.0.2
128 silly reify moves {}
129 silly audit bulk request {
129 silly audit   '@alloc/quick-lru': [ '5.2.0' ],
129 silly audit   '@ampproject/remapping': [ '2.3.0' ],
129 silly audit   '@emnapi/core': [ '1.4.5' ],
129 silly audit   '@emnapi/runtime': [ '1.4.5' ],
129 silly audit   '@emnapi/wasi-threads': [ '1.0.4' ],
129 silly audit   '@eslint-community/eslint-utils': [ '4.7.0' ],
129 silly audit   'eslint-visitor-keys': [ '3.4.3', '4.2.1' ],
129 silly audit   '@eslint-community/regexpp': [ '4.12.1' ],
129 silly audit   '@eslint/config-array': [ '0.21.0' ],
129 silly audit   '@eslint/config-helpers': [ '0.3.0' ],
129 silly audit   '@eslint/core': [ '0.15.1' ],
129 silly audit   '@eslint/eslintrc': [ '3.3.1' ],
129 silly audit   '@eslint/js': [ '9.32.0' ],
129 silly audit   '@eslint/object-schema': [ '2.1.6' ],
129 silly audit   '@eslint/plugin-kit': [ '0.3.4' ],
129 silly audit   '@floating-ui/core': [ '1.7.3' ],
129 silly audit   '@floating-ui/dom': [ '1.7.3' ],
129 silly audit   '@floating-ui/react-dom': [ '2.1.5' ],
129 silly audit   '@floating-ui/utils': [ '0.2.10' ],
129 silly audit   '@humanfs/core': [ '0.19.1' ],
129 silly audit   '@humanfs/node': [ '0.16.6' ],
129 silly audit   '@humanwhocodes/retry': [ '0.3.1', '0.4.3' ],
129 silly audit   '@humanwhocodes/module-importer': [ '1.0.1' ],
129 silly audit   '@img/sharp-darwin-arm64': [ '0.34.3' ],
129 silly audit   '@img/sharp-darwin-x64': [ '0.34.3' ],
129 silly audit   '@img/sharp-libvips-darwin-arm64': [ '1.2.0' ],
129 silly audit   '@img/sharp-libvips-darwin-x64': [ '1.2.0' ],
129 silly audit   '@img/sharp-libvips-linux-arm': [ '1.2.0' ],
129 silly audit   '@img/sharp-libvips-linux-arm64': [ '1.2.0' ],
129 silly audit   '@img/sharp-libvips-linux-ppc64': [ '1.2.0' ],
129 silly audit   '@img/sharp-libvips-linux-s390x': [ '1.2.0' ],
129 silly audit   '@img/sharp-libvips-linux-x64': [ '1.2.0' ],
129 silly audit   '@img/sharp-libvips-linuxmusl-arm64': [ '1.2.0' ],
129 silly audit   '@img/sharp-libvips-linuxmusl-x64': [ '1.2.0' ],
129 silly audit   '@img/sharp-linux-arm': [ '0.34.3' ],
129 silly audit   '@img/sharp-linux-arm64': [ '0.34.3' ],
129 silly audit   '@img/sharp-linux-ppc64': [ '0.34.3' ],
129 silly audit   '@img/sharp-linux-s390x': [ '0.34.3' ],
129 silly audit   '@img/sharp-linux-x64': [ '0.34.3' ],
129 silly audit   '@img/sharp-linuxmusl-arm64': [ '0.34.3' ],
129 silly audit   '@img/sharp-linuxmusl-x64': [ '0.34.3' ],
129 silly audit   '@img/sharp-wasm32': [ '0.34.3' ],
129 silly audit   '@img/sharp-win32-arm64': [ '0.34.3' ],
129 silly audit   '@img/sharp-win32-ia32': [ '0.34.3' ],
129 silly audit   '@img/sharp-win32-x64': [ '0.34.3' ],
129 silly audit   '@isaacs/fs-minipass': [ '4.0.1' ],
129 silly audit   '@jridgewell/gen-mapping': [ '0.3.12' ],
129 silly audit   '@jridgewell/resolve-uri': [ '3.1.2' ],
129 silly audit   '@jridgewell/sourcemap-codec': [ '1.5.4' ],
129 silly audit   '@jridgewell/trace-mapping': [ '0.3.29' ],
129 silly audit   '@napi-rs/wasm-runtime': [ '0.2.12' ],
129 silly audit   '@next/env': [ '15.4.5' ],
129 silly audit   '@next/eslint-plugin-next': [ '15.4.5' ],
129 silly audit   '@next/swc-darwin-arm64': [ '15.4.5' ],
129 silly audit   '@next/swc-darwin-x64': [ '15.4.5' ],
129 silly audit   '@next/swc-linux-arm64-gnu': [ '15.4.5' ],
129 silly audit   '@next/swc-linux-arm64-musl': [ '15.4.5' ],
129 silly audit   '@next/swc-linux-x64-gnu': [ '15.4.5' ],
129 silly audit   '@next/swc-linux-x64-musl': [ '15.4.5' ],
129 silly audit   '@next/swc-win32-arm64-msvc': [ '15.4.5' ],
129 silly audit   '@next/swc-win32-x64-msvc': [ '15.4.5' ],
129 silly audit   '@nodelib/fs.scandir': [ '2.1.5' ],
129 silly audit   '@nodelib/fs.stat': [ '2.0.5' ],
129 silly audit   '@nodelib/fs.walk': [ '1.2.8' ],
129 silly audit   '@nolyfill/is-core-module': [ '1.0.39' ],
129 silly audit   '@radix-ui/primitive': [ '1.1.2' ],
129 silly audit   '@radix-ui/react-arrow': [ '1.1.7' ],
129 silly audit   '@radix-ui/react-collection': [ '1.1.7' ],
129 silly audit   '@radix-ui/react-compose-refs': [ '1.1.2' ],
129 silly audit   '@radix-ui/react-context': [ '1.1.2' ],
129 silly audit   '@radix-ui/react-direction': [ '1.1.1' ],
129 silly audit   '@radix-ui/react-dismissable-layer': [ '1.1.10' ],
129 silly audit   '@radix-ui/react-dropdown-menu': [ '2.1.15' ],
129 silly audit   '@radix-ui/react-focus-guards': [ '1.1.2' ],
129 silly audit   '@radix-ui/react-focus-scope': [ '1.1.7' ],
129 silly audit   '@radix-ui/react-icons': [ '1.3.2' ],
129 silly audit   '@radix-ui/react-id': [ '1.1.1' ],
129 silly audit   '@radix-ui/react-menu': [ '2.1.15' ],
129 silly audit   '@radix-ui/react-popper': [ '1.2.7' ],
129 silly audit   '@radix-ui/react-portal': [ '1.1.9' ],
129 silly audit   '@radix-ui/react-presence': [ '1.1.4' ],
129 silly audit   '@radix-ui/react-primitive': [ '2.1.3' ],
129 silly audit   '@radix-ui/react-roving-focus': [ '1.1.10' ],
129 silly audit   '@radix-ui/react-slot': [ '1.2.3' ],
129 silly audit   '@radix-ui/react-use-callback-ref': [ '1.1.1' ],
129 silly audit   '@radix-ui/react-use-controllable-state': [ '1.2.2' ],
129 silly audit   '@radix-ui/react-use-effect-event': [ '0.0.2' ],
129 silly audit   '@radix-ui/react-use-escape-keydown': [ '1.1.1' ],
129 silly audit   '@radix-ui/react-use-layout-effect': [ '1.1.1' ],
129 silly audit   '@radix-ui/react-use-rect': [ '1.1.1' ],
129 silly audit   '@radix-ui/react-use-size': [ '1.1.1' ],
129 silly audit   '@radix-ui/rect': [ '1.1.1' ],
129 silly audit   '@reduxjs/toolkit': [ '2.8.2' ],
129 silly audit   '@rtsao/scc': [ '1.1.0' ],
129 silly audit   '@rushstack/eslint-patch': [ '1.12.0' ],
129 silly audit   '@standard-schema/spec': [ '1.0.0' ],
129 silly audit   '@standard-schema/utils': [ '0.3.0' ],
129 silly audit   '@swc/helpers': [ '0.5.15' ],
129 silly audit   '@tailwindcss/node': [ '4.1.11' ],
129 silly audit   '@tailwindcss/oxide': [ '4.1.11' ],
129 silly audit   '@tailwindcss/oxide-android-arm64': [ '4.1.11' ],
129 silly audit   '@tailwindcss/oxide-darwin-arm64': [ '4.1.11' ],
129 silly audit   '@tailwindcss/oxide-darwin-x64': [ '4.1.11' ],
129 silly audit   '@tailwindcss/oxide-freebsd-x64': [ '4.1.11' ],
129 silly audit   '@tailwindcss/oxide-linux-arm-gnueabihf': [ '4.1.11' ],
129 silly audit   '@tailwindcss/oxide-linux-arm64-gnu': [ '4.1.11' ],
129 silly audit   '@tailwindcss/oxide-linux-arm64-musl': [ '4.1.11' ],
129 silly audit   '@tailwindcss/oxide-linux-x64-gnu': [ '4.1.11' ],
129 silly audit   '@tailwindcss/oxide-linux-x64-musl': [ '4.1.11' ],
129 silly audit   '@tailwindcss/oxide-wasm32-wasi': [ '4.1.11' ],
129 silly audit   '@tailwindcss/oxide-win32-arm64-msvc': [ '4.1.11' ],
129 silly audit   '@tailwindcss/oxide-win32-x64-msvc': [ '4.1.11' ],
129 silly audit   '@tailwindcss/postcss': [ '4.1.11' ],
129 silly audit   '@tanstack/react-table': [ '8.21.3' ],
129 silly audit   '@tanstack/table-core': [ '8.21.3' ],
129 silly audit   '@tybys/wasm-util': [ '0.10.0' ],
129 silly audit   '@types/d3-array': [ '3.2.1' ],
129 silly audit   '@types/d3-color': [ '3.1.3' ],
129 silly audit   '@types/d3-ease': [ '3.0.2' ],
129 silly audit   '@types/d3-interpolate': [ '3.0.4' ],
129 silly audit   '@types/d3-path': [ '3.1.1' ],
129 silly audit   '@types/d3-scale': [ '4.0.9' ],
129 silly audit   '@types/d3-shape': [ '3.1.7' ],
129 silly audit   '@types/d3-time': [ '3.0.4' ],
129 silly audit   '@types/d3-timer': [ '3.0.2' ],
129 silly audit   '@types/estree': [ '1.0.8' ],
129 silly audit   '@types/json-schema': [ '7.0.15' ],
129 silly audit   '@types/json5': [ '0.0.29' ],
129 silly audit   '@types/node': [ '20.19.9' ],
129 silly audit   '@types/react': [ '19.1.9' ],
129 silly audit   '@types/react-dom': [ '19.1.7' ],
129 silly audit   '@types/use-sync-external-store': [ '0.0.6' ],
129 silly audit   '@typescript-eslint/eslint-plugin': [ '8.38.0' ],
129 silly audit   ignore: [ '7.0.5', '5.3.2' ],
129 silly audit   '@typescript-eslint/parser': [ '8.38.0' ],
129 silly audit   '@typescript-eslint/project-service': [ '8.38.0' ],
129 silly audit   '@typescript-eslint/scope-manager': [ '8.38.0' ],
129 silly audit   '@typescript-eslint/tsconfig-utils': [ '8.38.0' ],
129 silly audit   '@typescript-eslint/type-utils': [ '8.38.0' ],
129 silly audit   '@typescript-eslint/types': [ '8.38.0' ],
129 silly audit   '@typescript-eslint/typescript-estree': [ '8.38.0' ],
129 silly audit   'brace-expansion': [ '2.0.2', '1.1.12' ],
129 silly audit   'fast-glob': [ '3.3.3', '3.3.1' ],
129 silly audit   'glob-parent': [ '5.1.2', '6.0.2' ],
129 silly audit   minimatch: [ '9.0.5', '3.1.2' ],
129 silly audit   '@typescript-eslint/utils': [ '8.38.0' ],
129 silly audit   '@typescript-eslint/visitor-keys': [ '8.38.0' ],
129 silly audit   '@unrs/resolver-binding-android-arm-eabi': [ '1.11.1' ],
129 silly audit   '@unrs/resolver-binding-android-arm64': [ '1.11.1' ],
129 silly audit   '@unrs/resolver-binding-darwin-arm64': [ '1.11.1' ],
129 silly audit   '@unrs/resolver-binding-darwin-x64': [ '1.11.1' ],
129 silly audit   '@unrs/resolver-binding-freebsd-x64': [ '1.11.1' ],
129 silly audit   '@unrs/resolver-binding-linux-arm-gnueabihf': [ '1.11.1' ],
129 silly audit   '@unrs/resolver-binding-linux-arm-musleabihf': [ '1.11.1' ],
129 silly audit   '@unrs/resolver-binding-linux-arm64-gnu': [ '1.11.1' ],
129 silly audit   '@unrs/resolver-binding-linux-arm64-musl': [ '1.11.1' ],
129 silly audit   '@unrs/resolver-binding-linux-ppc64-gnu': [ '1.11.1' ],
129 silly audit   '@unrs/resolver-binding-linux-riscv64-gnu': [ '1.11.1' ],
129 silly audit   '@unrs/resolver-binding-linux-riscv64-musl': [ '1.11.1' ],
129 silly audit   '@unrs/resolver-binding-linux-s390x-gnu': [ '1.11.1' ],
129 silly audit   '@unrs/resolver-binding-linux-x64-gnu': [ '1.11.1' ],
129 silly audit   '@unrs/resolver-binding-linux-x64-musl': [ '1.11.1' ],
129 silly audit   '@unrs/resolver-binding-wasm32-wasi': [ '1.11.1' ],
129 silly audit   '@unrs/resolver-binding-win32-arm64-msvc': [ '1.11.1' ],
129 silly audit   '@unrs/resolver-binding-win32-ia32-msvc': [ '1.11.1' ],
129 silly audit   '@unrs/resolver-binding-win32-x64-msvc': [ '1.11.1' ],
129 silly audit   acorn: [ '8.15.0' ],
129 silly audit   'acorn-jsx': [ '5.3.2' ],
129 silly audit   ajv: [ '6.12.6' ],
129 silly audit   'ansi-styles': [ '4.3.0' ],
129 silly audit   argparse: [ '2.0.1' ],
129 silly audit   'aria-hidden': [ '1.2.6' ],
129 silly audit   'aria-query': [ '5.3.2' ],
129 silly audit   'array-buffer-byte-length': [ '1.0.2' ],
129 silly audit   'array-includes': [ '3.1.9' ],
129 silly audit   'array.prototype.findlast': [ '1.2.5' ],
129 silly audit   'array.prototype.findlastindex': [ '1.2.6' ],
129 silly audit   'array.prototype.flat': [ '1.3.3' ],
129 silly audit   'array.prototype.flatmap': [ '1.3.3' ],
129 silly audit   'array.prototype.tosorted': [ '1.1.4' ],
129 silly audit   'arraybuffer.prototype.slice': [ '1.0.4' ],
129 silly audit   'ast-types-flow': [ '0.0.8' ],
129 silly audit   'async-function': [ '1.0.0' ],
129 silly audit   'available-typed-arrays': [ '1.0.7' ],
129 silly audit   'axe-core': [ '4.10.3' ],
129 silly audit   'axobject-query': [ '4.1.0' ],
129 silly audit   'balanced-match': [ '1.0.2' ],
129 silly audit   braces: [ '3.0.3' ],
129 silly audit   'call-bind': [ '1.0.8' ],
129 silly audit   'call-bind-apply-helpers': [ '1.0.2' ],
129 silly audit   'call-bound': [ '1.0.4' ],
129 silly audit   callsites: [ '3.1.0' ],
129 silly audit   'caniuse-lite': [ '1.0.30001731' ],
129 silly audit   chalk: [ '4.1.2' ],
129 silly audit   chownr: [ '3.0.0' ],
129 silly audit   'class-variance-authority': [ '0.7.1' ],
129 silly audit   'client-only': [ '0.0.1' ],
129 silly audit   clsx: [ '2.1.1' ],
129 silly audit   color: [ '4.2.3' ],
129 silly audit   'color-convert': [ '2.0.1' ],
129 silly audit   'color-name': [ '1.1.4' ],
129 silly audit   'color-string': [ '1.9.1' ],
129 silly audit   'concat-map': [ '0.0.1' ],
129 silly audit   'cross-spawn': [ '7.0.6' ],
129 silly audit   csstype: [ '3.1.3' ],
129 silly audit   'd3-array': [ '3.2.4' ],
129 silly audit   'd3-color': [ '3.1.0' ],
129 silly audit   'd3-ease': [ '3.0.1' ],
129 silly audit   'd3-format': [ '3.1.0' ],
129 silly audit   'd3-interpolate': [ '3.0.1' ],
129 silly audit   'd3-path': [ '3.1.0' ],
129 silly audit   'd3-scale': [ '4.0.2' ],
129 silly audit   'd3-shape': [ '3.2.0' ],
129 silly audit   'd3-time': [ '3.1.0' ],
129 silly audit   'd3-time-format': [ '4.1.0' ],
129 silly audit   'd3-timer': [ '3.0.1' ],
129 silly audit   'damerau-levenshtein': [ '1.0.8' ],
129 silly audit   'data-view-buffer': [ '1.0.2' ],
129 silly audit   'data-view-byte-length': [ '1.0.2' ],
129 silly audit   'data-view-byte-offset': [ '1.0.1' ],
129 silly audit   'date-fns': [ '4.1.0' ],
129 silly audit   debug: [ '4.4.1', '3.2.7' ],
129 silly audit   'decimal.js-light': [ '2.5.1' ],
129 silly audit   'deep-is': [ '0.1.4' ],
129 silly audit   'define-data-property': [ '1.1.4' ],
129 silly audit   'define-properties': [ '1.2.1' ],
129 silly audit   'detect-libc': [ '2.0.4' ],
129 silly audit   'detect-node-es': [ '1.1.0' ],
129 silly audit   doctrine: [ '2.1.0' ],
129 silly audit   'dunder-proto': [ '1.0.1' ],
129 silly audit   'emoji-regex': [ '9.2.2' ],
129 silly audit   'enhanced-resolve': [ '5.18.2' ],
129 silly audit   'es-abstract': [ '1.24.0' ],
129 silly audit   'es-define-property': [ '1.0.1' ],
129 silly audit   'es-errors': [ '1.3.0' ],
129 silly audit   'es-iterator-helpers': [ '1.2.1' ],
129 silly audit   'es-object-atoms': [ '1.1.1' ],
129 silly audit   'es-set-tostringtag': [ '2.1.0' ],
129 silly audit   'es-shim-unscopables': [ '1.1.0' ],
129 silly audit   'es-to-primitive': [ '1.3.0' ],
129 silly audit   'es-toolkit': [ '1.39.8' ],
129 silly audit   'escape-string-regexp': [ '4.0.0' ],
129 silly audit   eslint: [ '9.32.0' ],
129 silly audit   'eslint-config-next': [ '15.4.5' ],
129 silly audit   'eslint-import-resolver-node': [ '0.3.9' ],
129 silly audit   'eslint-import-resolver-typescript': [ '3.10.1' ],
129 silly audit   'eslint-module-utils': [ '2.12.1' ],
129 silly audit   'eslint-plugin-import': [ '2.32.0' ],
129 silly audit   semver: [ '6.3.1', '7.7.2' ],
129 silly audit   'eslint-plugin-jsx-a11y': [ '6.10.2' ],
129 silly audit   'eslint-plugin-react': [ '7.37.5' ],
129 silly audit   'eslint-plugin-react-hooks': [ '5.2.0' ],
129 silly audit   resolve: [ '2.0.0-next.5', '1.22.10' ],
129 silly audit   'eslint-scope': [ '8.4.0' ],
129 silly audit   espree: [ '10.4.0' ],
129 silly audit   esquery: [ '1.6.0' ],
129 silly audit   esrecurse: [ '4.3.0' ],
129 silly audit   estraverse: [ '5.3.0' ],
129 silly audit   esutils: [ '2.0.3' ],
129 silly audit   eventemitter3: [ '5.0.1' ],
129 silly audit   'fast-deep-equal': [ '3.1.3' ],
129 silly audit   'fast-json-stable-stringify': [ '2.1.0' ],
129 silly audit   'fast-levenshtein': [ '2.0.6' ],
129 silly audit   fastq: [ '1.19.1' ],
129 silly audit   'file-entry-cache': [ '8.0.0' ],
129 silly audit   'fill-range': [ '7.1.1' ],
129 silly audit   'find-up': [ '5.0.0' ],
129 silly audit   'flat-cache': [ '4.0.1' ],
129 silly audit   flatted: [ '3.3.3' ],
129 silly audit   'for-each': [ '0.3.5' ],
129 silly audit   'function-bind': [ '1.1.2' ],
129 silly audit   'function.prototype.name': [ '1.1.8' ],
129 silly audit   'functions-have-names': [ '1.2.3' ],
129 silly audit   'get-intrinsic': [ '1.3.0' ],
129 silly audit   'get-nonce': [ '1.0.1' ],
129 silly audit   'get-proto': [ '1.0.1' ],
129 silly audit   'get-symbol-description': [ '1.1.0' ],
129 silly audit   'get-tsconfig': [ '4.10.1' ],
129 silly audit   globals: [ '14.0.0' ],
129 silly audit   globalthis: [ '1.0.4' ],
129 silly audit   goober: [ '2.1.16' ],
129 silly audit   gopd: [ '1.2.0' ],
129 silly audit   'graceful-fs': [ '4.2.11' ],
129 silly audit   graphemer: [ '1.4.0' ],
129 silly audit   'has-bigints': [ '1.1.0' ],
129 silly audit   'has-flag': [ '4.0.0' ],
129 silly audit   'has-property-descriptors': [ '1.0.2' ],
129 silly audit   'has-proto': [ '1.2.0' ],
129 silly audit   'has-symbols': [ '1.1.0' ],
129 silly audit   'has-tostringtag': [ '1.0.2' ],
129 silly audit   hasown: [ '2.0.2' ],
129 silly audit   immer: [ '10.1.1' ],
129 silly audit   'import-fresh': [ '3.3.1' ],
129 silly audit   imurmurhash: [ '0.1.4' ],
129 silly audit   'internal-slot': [ '1.1.0' ],
129 silly audit   internmap: [ '2.0.3' ],
129 silly audit   'is-array-buffer': [ '3.0.5' ],
129 silly audit   'is-arrayish': [ '0.3.2' ],
129 silly audit   'is-async-function': [ '2.1.1' ],
129 silly audit   'is-bigint': [ '1.1.0' ],
129 silly audit   'is-boolean-object': [ '1.2.2' ],
129 silly audit   'is-bun-module': [ '2.0.0' ],
129 silly audit   'is-callable': [ '1.2.7' ],
129 silly audit   'is-core-module': [ '2.16.1' ],
129 silly audit   'is-data-view': [ '1.0.2' ],
129 silly audit   'is-date-object': [ '1.1.0' ],
129 silly audit   'is-extglob': [ '2.1.1' ],
129 silly audit   'is-finalizationregistry': [ '1.1.1' ],
129 silly audit   'is-generator-function': [ '1.1.0' ],
129 silly audit   'is-glob': [ '4.0.3' ],
129 silly audit   'is-map': [ '2.0.3' ],
129 silly audit   'is-negative-zero': [ '2.0.3' ],
129 silly audit   'is-number': [ '7.0.0' ],
129 silly audit   'is-number-object': [ '1.1.1' ],
129 silly audit   'is-regex': [ '1.2.1' ],
129 silly audit   'is-set': [ '2.0.3' ],
129 silly audit   'is-shared-array-buffer': [ '1.0.4' ],
129 silly audit   'is-string': [ '1.1.1' ],
129 silly audit   'is-symbol': [ '1.1.1' ],
129 silly audit   'is-typed-array': [ '1.1.15' ],
129 silly audit   'is-weakmap': [ '2.0.2' ],
129 silly audit   'is-weakref': [ '1.1.1' ],
129 silly audit   'is-weakset': [ '2.0.4' ],
129 silly audit   isarray: [ '2.0.5' ],
129 silly audit   isexe: [ '2.0.0' ],
129 silly audit   'iterator.prototype': [ '1.1.5' ],
129 silly audit   jiti: [ '2.5.1' ],
129 silly audit   'js-tokens': [ '4.0.0' ],
129 silly audit   'js-yaml': [ '4.1.0' ],
129 silly audit   'json-buffer': [ '3.0.1' ],
129 silly audit   'json-schema-traverse': [ '0.4.1' ],
129 silly audit   'json-stable-stringify-without-jsonify': [ '1.0.1' ],
129 silly audit   json5: [ '1.0.2' ],
129 silly audit   'jsx-ast-utils': [ '3.3.5' ],
129 silly audit   keyv: [ '4.5.4' ],
129 silly audit   'language-subtag-registry': [ '0.3.23' ],
129 silly audit   'language-tags': [ '1.0.9' ],
129 silly audit   levn: [ '0.4.1' ],
129 silly audit   lightningcss: [ '1.30.1' ],
129 silly audit   'lightningcss-darwin-arm64': [ '1.30.1' ],
129 silly audit   'lightningcss-darwin-x64': [ '1.30.1' ],
129 silly audit   'lightningcss-freebsd-x64': [ '1.30.1' ],
129 silly audit   'lightningcss-linux-arm-gnueabihf': [ '1.30.1' ],
129 silly audit   'lightningcss-linux-arm64-gnu': [ '1.30.1' ],
129 silly audit   'lightningcss-linux-arm64-musl': [ '1.30.1' ],
129 silly audit   'lightningcss-linux-x64-gnu': [ '1.30.1' ],
129 silly audit   'lightningcss-linux-x64-musl': [ '1.30.1' ],
129 silly audit   'lightningcss-win32-arm64-msvc': [ '1.30.1' ],
129 silly audit   'lightningcss-win32-x64-msvc': [ '1.30.1' ],
129 silly audit   'locate-path': [ '6.0.0' ],
129 silly audit   'lodash.merge': [ '4.6.2' ],
129 silly audit   'loose-envify': [ '1.4.0' ],
129 silly audit   'lucide-react': [ '0.535.0' ],
129 silly audit   'magic-string': [ '0.30.17' ],
129 silly audit   'math-intrinsics': [ '1.1.0' ],
129 silly audit   merge2: [ '1.4.1' ],
129 silly audit   micromatch: [ '4.0.8' ],
129 silly audit   minimist: [ '1.2.8' ],
129 silly audit   minipass: [ '7.1.2' ],
129 silly audit   minizlib: [ '3.0.2' ],
129 silly audit   mkdirp: [ '3.0.1' ],
129 silly audit   ms: [ '2.1.3' ],
129 silly audit   nanoid: [ '3.3.11' ],
129 silly audit   'napi-postinstall': [ '0.3.2' ],
129 silly audit   'natural-compare': [ '1.4.0' ],
129 silly audit   next: [ '15.4.5' ],
129 silly audit   'next-themes': [ '0.4.6' ],
129 silly audit   postcss: [ '8.4.31', '8.5.6' ],
129 silly audit   'object-assign': [ '4.1.1' ],
129 silly audit   'object-inspect': [ '1.13.4' ],
129 silly audit   'object-keys': [ '1.1.1' ],
129 silly audit   'object.assign': [ '4.1.7' ],
129 silly audit   'object.entries': [ '1.1.9' ],
129 silly audit   'object.fromentries': [ '2.0.8' ],
129 silly audit   'object.groupby': [ '1.0.3' ],
129 silly audit   'object.values': [ '1.2.1' ],
129 silly audit   optionator: [ '0.9.4' ],
129 silly audit   'own-keys': [ '1.0.1' ],
129 silly audit   'p-limit': [ '3.1.0' ],
129 silly audit   'p-locate': [ '5.0.0' ],
129 silly audit   'parent-module': [ '1.0.1' ],
129 silly audit   'path-exists': [ '4.0.0' ],
129 silly audit   'path-key': [ '3.1.1' ],
129 silly audit   'path-parse': [ '1.0.7' ],
129 silly audit   picocolors: [ '1.1.1' ],
129 silly audit   picomatch: [ '2.3.1', '4.0.3' ],
129 silly audit   'possible-typed-array-names': [ '1.1.0' ],
129 silly audit   'prelude-ls': [ '1.2.1' ],
129 silly audit   'prop-types': [ '15.8.1' ],
129 silly audit   'react-is': [ '16.13.1', '19.1.1' ],
129 silly audit   punycode: [ '2.3.1' ],
129 silly audit   'queue-microtask': [ '1.2.3' ],
129 silly audit   react: [ '19.1.0' ],
129 silly audit   'react-dom': [ '19.1.0' ],
129 silly audit   'react-hot-toast': [ '2.5.2' ],
129 silly audit   'react-redux': [ '9.2.0' ],
129 silly audit   'react-remove-scroll': [ '2.7.1' ],
129 silly audit   'react-remove-scroll-bar': [ '2.3.8' ],
129 silly audit   'react-style-singleton': [ '2.2.3' ],
129 silly audit   recharts: [ '3.1.0' ],
129 silly audit   redux: [ '5.0.1' ],
129 silly audit   'redux-thunk': [ '3.1.0' ],
129 silly audit   'reflect.getprototypeof': [ '1.0.10' ],
129 silly audit   'regexp.prototype.flags': [ '1.5.4' ],
129 silly audit   reselect: [ '5.1.1' ],
129 silly audit   'resolve-from': [ '4.0.0' ],
129 silly audit   'resolve-pkg-maps': [ '1.0.0' ],
129 silly audit   reusify: [ '1.1.0' ],
129 silly audit   'run-parallel': [ '1.2.0' ],
129 silly audit   'safe-array-concat': [ '1.1.3' ],
129 silly audit   'safe-push-apply': [ '1.0.0' ],
129 silly audit   'safe-regex-test': [ '1.1.0' ],
129 silly audit   scheduler: [ '0.26.0' ],
129 silly audit   'set-function-length': [ '1.2.2' ],
129 silly audit   'set-function-name': [ '2.0.2' ],
129 silly audit   'set-proto': [ '1.0.0' ],
129 silly audit   sharp: [ '0.34.3' ],
129 silly audit   'shebang-command': [ '2.0.0' ],
129 silly audit   'shebang-regex': [ '3.0.0' ],
129 silly audit   'side-channel': [ '1.1.0' ],
129 silly audit   'side-channel-list': [ '1.0.0' ],
129 silly audit   'side-channel-map': [ '1.0.1' ],
129 silly audit   'side-channel-weakmap': [ '1.0.2' ],
129 silly audit   'simple-swizzle': [ '0.2.2' ],
129 silly audit   'source-map-js': [ '1.2.1' ],
129 silly audit   'stable-hash': [ '0.0.5' ],
129 silly audit   'stop-iteration-iterator': [ '1.1.0' ],
129 silly audit   'string.prototype.includes': [ '2.0.1' ],
129 silly audit   'string.prototype.matchall': [ '4.0.12' ],
129 silly audit   'string.prototype.repeat': [ '1.0.0' ],
129 silly audit   'string.prototype.trim': [ '1.2.10' ],
129 silly audit   'string.prototype.trimend': [ '1.0.9' ],
129 silly audit   'string.prototype.trimstart': [ '1.0.8' ],
129 silly audit   'strip-bom': [ '3.0.0' ],
129 silly audit   'strip-json-comments': [ '3.1.1' ],
129 silly audit   'styled-jsx': [ '5.1.6' ],
129 silly audit   'supports-color': [ '7.2.0' ],
129 silly audit   'supports-preserve-symlinks-flag': [ '1.0.0' ],
129 silly audit   'tailwind-merge': [ '3.3.1' ],
129 silly audit   tailwindcss: [ '4.1.11' ],
129 silly audit   tapable: [ '2.2.2' ],
129 silly audit   tar: [ '7.4.3' ],
129 silly audit   'tiny-invariant': [ '1.3.3' ],
129 silly audit   tinyglobby: [ '0.2.14' ],
129 silly audit   fdir: [ '6.4.6' ],
129 silly audit   'to-regex-range': [ '5.0.1' ],
129 silly audit   'ts-api-utils': [ '2.1.0' ],
129 silly audit   'tsconfig-paths': [ '3.15.0' ],
129 silly audit   tslib: [ '2.8.1' ],
129 silly audit   'tw-animate-css': [ '1.3.6' ],
129 silly audit   'type-check': [ '0.4.0' ],
129 silly audit   'typed-array-buffer': [ '1.0.3' ],
129 silly audit   'typed-array-byte-length': [ '1.0.3' ],
129 silly audit   'typed-array-byte-offset': [ '1.0.4' ],
129 silly audit   'typed-array-length': [ '1.0.7' ],
129 silly audit   typescript: [ '5.8.3' ],
129 silly audit   'unbox-primitive': [ '1.1.0' ],
129 silly audit   'undici-types': [ '6.21.0' ],
129 silly audit   'unrs-resolver': [ '1.11.1' ],
129 silly audit   'uri-js': [ '4.4.1' ],
129 silly audit   'use-callback-ref': [ '1.3.3' ],
129 silly audit   'use-sidecar': [ '1.1.3' ],
129 silly audit   'use-sync-external-store': [ '1.5.0' ],
129 silly audit   'victory-vendor': [ '37.3.6' ],
129 silly audit   which: [ '2.0.2' ],
129 silly audit   'which-boxed-primitive': [ '1.1.1' ],
129 silly audit   'which-builtin-type': [ '1.2.1' ],
129 silly audit   'which-collection': [ '1.0.2' ],
129 silly audit   'which-typed-array': [ '1.1.19' ],
129 silly audit   'word-wrap': [ '1.2.5' ],
129 silly audit   yallist: [ '5.0.0' ],
129 silly audit   'yocto-queue': [ '0.1.0' ],
129 silly audit   html2canvas: [ '1.4.1' ],
129 silly audit   jspdf: [ '3.0.1' ],
129 silly audit   'css-line-break': [ '2.1.0' ],
129 silly audit   'text-segmentation': [ '1.0.3' ],
129 silly audit   utrie: [ '1.0.2' ],
129 silly audit   '@babel/runtime': [ '7.28.2' ],
129 silly audit   atob: [ '2.1.2' ],
129 silly audit   btoa: [ '1.2.1' ],
129 silly audit   canvg: [ '3.0.11' ],
129 silly audit   'core-js': [ '3.44.0' ],
129 silly audit   dompurify: [ '3.2.6' ],
129 silly audit   fflate: [ '0.8.2' ],
129 silly audit   '@types/raf': [ '3.4.3' ],
129 silly audit   raf: [ '3.4.1' ],
129 silly audit   'regenerator-runtime': [ '0.13.11' ],
129 silly audit   rgbcolor: [ '1.0.1' ],
129 silly audit   'stackblur-canvas': [ '2.7.0' ],
129 silly audit   'svg-pathdata': [ '6.0.3' ],
129 silly audit   '@types/trusted-types': [ '2.0.7' ],
129 silly audit   'performance-now': [ '2.1.0' ],
129 silly audit   'base64-arraybuffer': [ '1.0.2' ]
129 silly audit }
130 http cache base64-arraybuffer@https://registry.npmjs.org/base64-arraybuffer/-/base64-arraybuffer-1.0.2.tgz 0ms (cache hit)
131 http cache performance-now@https://registry.npmjs.org/performance-now/-/performance-now-2.1.0.tgz 0ms (cache hit)
132 http cache @types/trusted-types@https://registry.npmjs.org/@types/trusted-types/-/trusted-types-2.0.7.tgz 0ms (cache hit)
133 http cache svg-pathdata@https://registry.npmjs.org/svg-pathdata/-/svg-pathdata-6.0.3.tgz 0ms (cache hit)
134 http cache rgbcolor@https://registry.npmjs.org/rgbcolor/-/rgbcolor-1.0.1.tgz 0ms (cache hit)
135 http cache regenerator-runtime@https://registry.npmjs.org/regenerator-runtime/-/regenerator-runtime-0.13.11.tgz 0ms (cache hit)
136 http cache raf@https://registry.npmjs.org/raf/-/raf-3.4.1.tgz 0ms (cache hit)
137 http cache fflate@https://registry.npmjs.org/fflate/-/fflate-0.8.2.tgz 0ms (cache hit)
138 http cache dompurify@https://registry.npmjs.org/dompurify/-/dompurify-3.2.6.tgz 0ms (cache hit)
139 http cache core-js@https://registry.npmjs.org/core-js/-/core-js-3.44.0.tgz 0ms (cache hit)
140 http cache canvg@https://registry.npmjs.org/canvg/-/canvg-3.0.11.tgz 0ms (cache hit)
141 http cache btoa@https://registry.npmjs.org/btoa/-/btoa-1.2.1.tgz 0ms (cache hit)
142 http cache atob@https://registry.npmjs.org/atob/-/atob-2.1.2.tgz 0ms (cache hit)
143 http cache @babel/runtime@https://registry.npmjs.org/@babel/runtime/-/runtime-7.28.2.tgz 0ms (cache hit)
144 http cache utrie@https://registry.npmjs.org/utrie/-/utrie-1.0.2.tgz 0ms (cache hit)
145 http cache text-segmentation@https://registry.npmjs.org/text-segmentation/-/text-segmentation-1.0.3.tgz 0ms (cache hit)
146 http cache css-line-break@https://registry.npmjs.org/css-line-break/-/css-line-break-2.1.0.tgz 0ms (cache hit)
147 http cache jspdf@https://registry.npmjs.org/jspdf/-/jspdf-3.0.1.tgz 0ms (cache hit)
148 http cache @types/raf@https://registry.npmjs.org/@types/raf/-/raf-3.4.3.tgz 0ms (cache hit)
149 http cache html2canvas@https://registry.npmjs.org/html2canvas/-/html2canvas-1.4.1.tgz 0ms (cache hit)
150 silly tarball no local data for base64-arraybuffer@https://registry.npmjs.org/base64-arraybuffer/-/base64-arraybuffer-1.0.2.tgz. Extracting by manifest.
151 http cache stackblur-canvas@https://registry.npmjs.org/stackblur-canvas/-/stackblur-canvas-2.7.0.tgz 0ms (cache hit)
152 silly tarball no local data for performance-now@https://registry.npmjs.org/performance-now/-/performance-now-2.1.0.tgz. Extracting by manifest.
153 silly tarball no local data for @types/trusted-types@https://registry.npmjs.org/@types/trusted-types/-/trusted-types-2.0.7.tgz. Extracting by manifest.
154 silly tarball no local data for svg-pathdata@https://registry.npmjs.org/svg-pathdata/-/svg-pathdata-6.0.3.tgz. Extracting by manifest.
155 silly tarball no local data for rgbcolor@https://registry.npmjs.org/rgbcolor/-/rgbcolor-1.0.1.tgz. Extracting by manifest.
156 silly tarball no local data for regenerator-runtime@https://registry.npmjs.org/regenerator-runtime/-/regenerator-runtime-0.13.11.tgz. Extracting by manifest.
157 silly tarball no local data for raf@https://registry.npmjs.org/raf/-/raf-3.4.1.tgz. Extracting by manifest.
158 silly tarball no local data for fflate@https://registry.npmjs.org/fflate/-/fflate-0.8.2.tgz. Extracting by manifest.
159 silly tarball no local data for dompurify@https://registry.npmjs.org/dompurify/-/dompurify-3.2.6.tgz. Extracting by manifest.
160 silly tarball no local data for core-js@https://registry.npmjs.org/core-js/-/core-js-3.44.0.tgz. Extracting by manifest.
161 silly tarball no local data for canvg@https://registry.npmjs.org/canvg/-/canvg-3.0.11.tgz. Extracting by manifest.
162 silly tarball no local data for btoa@https://registry.npmjs.org/btoa/-/btoa-1.2.1.tgz. Extracting by manifest.
163 silly tarball no local data for atob@https://registry.npmjs.org/atob/-/atob-2.1.2.tgz. Extracting by manifest.
164 silly tarball no local data for @babel/runtime@https://registry.npmjs.org/@babel/runtime/-/runtime-7.28.2.tgz. Extracting by manifest.
165 silly tarball no local data for utrie@https://registry.npmjs.org/utrie/-/utrie-1.0.2.tgz. Extracting by manifest.
166 silly tarball no local data for text-segmentation@https://registry.npmjs.org/text-segmentation/-/text-segmentation-1.0.3.tgz. Extracting by manifest.
167 silly tarball no local data for css-line-break@https://registry.npmjs.org/css-line-break/-/css-line-break-2.1.0.tgz. Extracting by manifest.
168 silly tarball no local data for jspdf@https://registry.npmjs.org/jspdf/-/jspdf-3.0.1.tgz. Extracting by manifest.
169 silly tarball no local data for @types/raf@https://registry.npmjs.org/@types/raf/-/raf-3.4.3.tgz. Extracting by manifest.
170 silly tarball no local data for html2canvas@https://registry.npmjs.org/html2canvas/-/html2canvas-1.4.1.tgz. Extracting by manifest.
171 silly tarball no local data for stackblur-canvas@https://registry.npmjs.org/stackblur-canvas/-/stackblur-canvas-2.7.0.tgz. Extracting by manifest.
172 http fetch POST 200 https://registry.npmjs.org/-/npm/v1/security/advisories/bulk 489ms
173 silly audit report {}
174 http fetch GET 200 https://registry.npmjs.org/performance-now/-/performance-now-2.1.0.tgz 435ms (cache miss)
175 http fetch GET 200 https://registry.npmjs.org/base64-arraybuffer/-/base64-arraybuffer-1.0.2.tgz 440ms (cache miss)
176 http fetch GET 200 https://registry.npmjs.org/@types/raf/-/raf-3.4.3.tgz 841ms (cache miss)
177 http fetch GET 200 https://registry.npmjs.org/@types/trusted-types/-/trusted-types-2.0.7.tgz 902ms (cache miss)
178 http fetch GET 200 https://registry.npmjs.org/btoa/-/btoa-1.2.1.tgz 921ms (cache miss)
179 http fetch GET 200 https://registry.npmjs.org/raf/-/raf-3.4.1.tgz 929ms (cache miss)
180 http fetch GET 200 https://registry.npmjs.org/rgbcolor/-/rgbcolor-1.0.1.tgz 945ms (cache miss)
181 http fetch GET 200 https://registry.npmjs.org/regenerator-runtime/-/regenerator-runtime-0.13.11.tgz 969ms (cache miss)
182 http fetch GET 200 https://registry.npmjs.org/atob/-/atob-2.1.2.tgz 997ms (cache miss)
183 http fetch GET 200 https://registry.npmjs.org/text-segmentation/-/text-segmentation-1.0.3.tgz 1005ms (cache miss)
184 http fetch GET 200 https://registry.npmjs.org/utrie/-/utrie-1.0.2.tgz 1023ms (cache miss)
185 http fetch GET 200 https://registry.npmjs.org/stackblur-canvas/-/stackblur-canvas-2.7.0.tgz 1192ms (cache miss)
186 http fetch GET 200 https://registry.npmjs.org/css-line-break/-/css-line-break-2.1.0.tgz 1209ms (cache miss)
187 http fetch GET 200 https://registry.npmjs.org/svg-pathdata/-/svg-pathdata-6.0.3.tgz 1392ms (cache miss)
188 http fetch GET 200 https://registry.npmjs.org/dompurify/-/dompurify-3.2.6.tgz 1600ms (cache miss)
189 http fetch GET 200 https://registry.npmjs.org/fflate/-/fflate-0.8.2.tgz 1651ms (cache miss)
190 http fetch GET 200 https://registry.npmjs.org/@babel/runtime/-/runtime-7.28.2.tgz 2205ms (cache miss)
191 http fetch GET 200 https://registry.npmjs.org/canvg/-/canvg-3.0.11.tgz 2548ms (cache miss)
192 http fetch GET 200 https://registry.npmjs.org/html2canvas/-/html2canvas-1.4.1.tgz 4417ms (cache miss)
193 http fetch GET 200 https://registry.npmjs.org/jspdf/-/jspdf-3.0.1.tgz 6439ms (cache miss)
194 http fetch GET 200 https://registry.npmjs.org/core-js/-/core-js-3.44.0.tgz 7529ms (cache miss)
195 info run core-js@3.44.0 postinstall node_modules/core-js node -e "try{require('./postinstall')}catch(e){}"
196 info run core-js@3.44.0 postinstall { code: 0, signal: null }
197 silly ADD node_modules/base64-arraybuffer
198 silly ADD node_modules/performance-now
199 silly ADD node_modules/@types/trusted-types
200 silly ADD node_modules/svg-pathdata
201 silly ADD node_modules/stackblur-canvas
202 silly ADD node_modules/rgbcolor
203 silly ADD node_modules/regenerator-runtime
204 silly ADD node_modules/raf
205 silly ADD node_modules/@types/raf
206 silly ADD node_modules/fflate
207 silly ADD node_modules/dompurify
208 silly ADD node_modules/core-js
209 silly ADD node_modules/canvg
210 silly ADD node_modules/btoa
211 silly ADD node_modules/atob
212 silly ADD node_modules/@babel/runtime
213 silly ADD node_modules/utrie
214 silly ADD node_modules/text-segmentation
215 silly ADD node_modules/css-line-break
216 silly ADD node_modules/jspdf
217 silly ADD node_modules/html2canvas
218 verbose cwd /home/krishna/admybrand-insights
219 verbose os Linux 6.6.87.2-microsoft-standard-WSL2
220 verbose node v24.1.0
221 verbose npm  v11.5.1
222 verbose exit 0
223 info ok
