0 verbose cli /home/krishna/.nvm/versions/node/v24.1.0/bin/node /home/krishna/.nvm/versions/node/v24.1.0/lib/node_modules/npm/bin/npm-cli.js
1 info using npm@11.5.1
2 info using node@v24.1.0
3 silly config load:file:/home/krishna/.nvm/versions/node/v24.1.0/lib/node_modules/npm/npmrc
4 silly config load:file:/home/krishna/admybrand-insights/.npmrc
5 silly config load:file:/home/krishna/.npmrc
6 silly config load:file:/home/krishna/.nvm/versions/node/v24.1.0/etc/npmrc
7 verbose title npm exec shadcn@latest add input
8 verbose argv "exec" "--" "shadcn@latest" "add" "input"
9 verbose logfile logs-max:10 dir:/home/krishna/admybrand-insights/npm-cache/_logs/2025-08-01T10_46_11_134Z-
10 verbose logfile /home/krishna/admybrand-insights/npm-cache/_logs/2025-08-01T10_46_11_134Z-debug-0.log
11 silly logfile start cleaning logs, removing 1 files
12 silly logfile done cleaning log files
13 silly packumentCache heap:2348810240 maxSize:587202560 maxEntrySize:293601280
14 http fetch GET 200 https://registry.npmjs.org/shadcn 545ms (cache revalidated)
15 silly packumentCache heap:2348810240 maxSize:587202560 maxEntrySize:293601280
16 silly packumentCache heap:2348810240 maxSize:587202560 maxEntrySize:293601280
17 verbose cwd /home/krishna/admybrand-insights
18 verbose os Linux 6.6.87.2-microsoft-standard-WSL2
19 verbose node v24.1.0
20 verbose npm  v11.5.1
21 verbose exit 0
22 info ok
