0 verbose cli /home/krishna/.nvm/versions/node/v24.1.0/bin/node /home/krishna/.nvm/versions/node/v24.1.0/bin/npm
1 info using npm@11.5.1
2 info using node@v24.1.0
3 silly config load:file:/home/krishna/.nvm/versions/node/v24.1.0/lib/node_modules/npm/npmrc
4 silly config load:file:/home/krishna/admybrand-insights/.npmrc
5 silly config load:file:/home/krishna/.npmrc
6 silly config load:file:/home/krishna/.nvm/versions/node/v24.1.0/etc/npmrc
7 verbose title npm install @tanstack/react-table @tanstack/table-core
8 verbose argv "install" "@tanstack/react-table" "@tanstack/table-core"
9 verbose logfile logs-max:10 dir:/home/krishna/admybrand-insights/npm-cache/_logs/2025-08-01T10_43_36_153Z-
10 verbose logfile /home/krishna/admybrand-insights/npm-cache/_logs/2025-08-01T10_43_36_153Z-debug-0.log
11 silly logfile start cleaning logs, removing 1 files
12 silly packumentCache heap:2348810240 maxSize:587202560 maxEntrySize:293601280
13 silly logfile done cleaning log files
14 silly idealTree buildDeps
15 silly fetch manifest @tanstack/react-table@*
16 silly packumentCache full:https://registry.npmjs.org/@tanstack%2freact-table cache-miss
17 http fetch GET 200 https://registry.npmjs.org/@tanstack%2freact-table 1732ms (cache miss)
18 silly packumentCache full:https://registry.npmjs.org/@tanstack%2freact-table set size:undefined disposed:false
19 silly fetch manifest react@19.1.0
20 silly packumentCache full:https://registry.npmjs.org/react cache-miss
21 http fetch GET 200 https://registry.npmjs.org/react 175ms (cache revalidated)
22 silly packumentCache full:https://registry.npmjs.org/react set size:5906809 disposed:false
23 silly fetch manifest react-dom@19.1.0
24 silly packumentCache full:https://registry.npmjs.org/react-dom cache-miss
25 http fetch GET 200 https://registry.npmjs.org/react-dom 108ms (cache revalidated)
26 silly packumentCache full:https://registry.npmjs.org/react-dom set size:7593752 disposed:false
27 silly fetch manifest @tanstack/table-core@*
28 silly packumentCache full:https://registry.npmjs.org/@tanstack%2ftable-core cache-miss
29 http fetch GET 200 https://registry.npmjs.org/@tanstack%2ftable-core 746ms (cache miss)
30 silly packumentCache full:https://registry.npmjs.org/@tanstack%2ftable-core set size:undefined disposed:false
31 silly placeDep ROOT @tanstack/react-table@8.21.3 OK for: admybrand-insights@0.1.0 want: *
32 silly placeDep ROOT @tanstack/table-core@8.21.3 OK for: admybrand-insights@0.1.0 want: *
33 silly fetch manifest @tanstack/table-core@8.21.3
34 silly packumentCache full:https://registry.npmjs.org/@tanstack%2ftable-core cache-miss
35 http cache https://registry.npmjs.org/@tanstack%2ftable-core 9ms (cache hit)
36 silly packumentCache full:https://registry.npmjs.org/@tanstack%2ftable-core set size:498569 disposed:false
37 silly reify moves {}
38 silly audit bulk request {
38 silly audit   '@alloc/quick-lru': [ '5.2.0' ],
38 silly audit   '@ampproject/remapping': [ '2.3.0' ],
38 silly audit   '@emnapi/core': [ '1.4.5' ],
38 silly audit   '@emnapi/runtime': [ '1.4.5' ],
38 silly audit   '@emnapi/wasi-threads': [ '1.0.4' ],
38 silly audit   '@eslint-community/eslint-utils': [ '4.7.0' ],
38 silly audit   'eslint-visitor-keys': [ '3.4.3', '4.2.1' ],
38 silly audit   '@eslint-community/regexpp': [ '4.12.1' ],
38 silly audit   '@eslint/config-array': [ '0.21.0' ],
38 silly audit   '@eslint/config-helpers': [ '0.3.0' ],
38 silly audit   '@eslint/core': [ '0.15.1' ],
38 silly audit   '@eslint/eslintrc': [ '3.3.1' ],
38 silly audit   '@eslint/js': [ '9.32.0' ],
38 silly audit   '@eslint/object-schema': [ '2.1.6' ],
38 silly audit   '@eslint/plugin-kit': [ '0.3.4' ],
38 silly audit   '@floating-ui/core': [ '1.7.3' ],
38 silly audit   '@floating-ui/dom': [ '1.7.3' ],
38 silly audit   '@floating-ui/react-dom': [ '2.1.5' ],
38 silly audit   '@floating-ui/utils': [ '0.2.10' ],
38 silly audit   '@humanfs/core': [ '0.19.1' ],
38 silly audit   '@humanfs/node': [ '0.16.6' ],
38 silly audit   '@humanwhocodes/retry': [ '0.3.1', '0.4.3' ],
38 silly audit   '@humanwhocodes/module-importer': [ '1.0.1' ],
38 silly audit   '@img/sharp-darwin-arm64': [ '0.34.3' ],
38 silly audit   '@img/sharp-darwin-x64': [ '0.34.3' ],
38 silly audit   '@img/sharp-libvips-darwin-arm64': [ '1.2.0' ],
38 silly audit   '@img/sharp-libvips-darwin-x64': [ '1.2.0' ],
38 silly audit   '@img/sharp-libvips-linux-arm': [ '1.2.0' ],
38 silly audit   '@img/sharp-libvips-linux-arm64': [ '1.2.0' ],
38 silly audit   '@img/sharp-libvips-linux-ppc64': [ '1.2.0' ],
38 silly audit   '@img/sharp-libvips-linux-s390x': [ '1.2.0' ],
38 silly audit   '@img/sharp-libvips-linux-x64': [ '1.2.0' ],
38 silly audit   '@img/sharp-libvips-linuxmusl-arm64': [ '1.2.0' ],
38 silly audit   '@img/sharp-libvips-linuxmusl-x64': [ '1.2.0' ],
38 silly audit   '@img/sharp-linux-arm': [ '0.34.3' ],
38 silly audit   '@img/sharp-linux-arm64': [ '0.34.3' ],
38 silly audit   '@img/sharp-linux-ppc64': [ '0.34.3' ],
38 silly audit   '@img/sharp-linux-s390x': [ '0.34.3' ],
38 silly audit   '@img/sharp-linux-x64': [ '0.34.3' ],
38 silly audit   '@img/sharp-linuxmusl-arm64': [ '0.34.3' ],
38 silly audit   '@img/sharp-linuxmusl-x64': [ '0.34.3' ],
38 silly audit   '@img/sharp-wasm32': [ '0.34.3' ],
38 silly audit   '@img/sharp-win32-arm64': [ '0.34.3' ],
38 silly audit   '@img/sharp-win32-ia32': [ '0.34.3' ],
38 silly audit   '@img/sharp-win32-x64': [ '0.34.3' ],
38 silly audit   '@isaacs/fs-minipass': [ '4.0.1' ],
38 silly audit   '@jridgewell/gen-mapping': [ '0.3.12' ],
38 silly audit   '@jridgewell/resolve-uri': [ '3.1.2' ],
38 silly audit   '@jridgewell/sourcemap-codec': [ '1.5.4' ],
38 silly audit   '@jridgewell/trace-mapping': [ '0.3.29' ],
38 silly audit   '@napi-rs/wasm-runtime': [ '0.2.12' ],
38 silly audit   '@next/env': [ '15.4.5' ],
38 silly audit   '@next/eslint-plugin-next': [ '15.4.5' ],
38 silly audit   '@next/swc-darwin-arm64': [ '15.4.5' ],
38 silly audit   '@next/swc-darwin-x64': [ '15.4.5' ],
38 silly audit   '@next/swc-linux-arm64-gnu': [ '15.4.5' ],
38 silly audit   '@next/swc-linux-arm64-musl': [ '15.4.5' ],
38 silly audit   '@next/swc-linux-x64-gnu': [ '15.4.5' ],
38 silly audit   '@next/swc-linux-x64-musl': [ '15.4.5' ],
38 silly audit   '@next/swc-win32-arm64-msvc': [ '15.4.5' ],
38 silly audit   '@next/swc-win32-x64-msvc': [ '15.4.5' ],
38 silly audit   '@nodelib/fs.scandir': [ '2.1.5' ],
38 silly audit   '@nodelib/fs.stat': [ '2.0.5' ],
38 silly audit   '@nodelib/fs.walk': [ '1.2.8' ],
38 silly audit   '@nolyfill/is-core-module': [ '1.0.39' ],
38 silly audit   '@radix-ui/primitive': [ '1.1.2' ],
38 silly audit   '@radix-ui/react-arrow': [ '1.1.7' ],
38 silly audit   '@radix-ui/react-collection': [ '1.1.7' ],
38 silly audit   '@radix-ui/react-compose-refs': [ '1.1.2' ],
38 silly audit   '@radix-ui/react-context': [ '1.1.2' ],
38 silly audit   '@radix-ui/react-direction': [ '1.1.1' ],
38 silly audit   '@radix-ui/react-dismissable-layer': [ '1.1.10' ],
38 silly audit   '@radix-ui/react-dropdown-menu': [ '2.1.15' ],
38 silly audit   '@radix-ui/react-focus-guards': [ '1.1.2' ],
38 silly audit   '@radix-ui/react-focus-scope': [ '1.1.7' ],
38 silly audit   '@radix-ui/react-icons': [ '1.3.2' ],
38 silly audit   '@radix-ui/react-id': [ '1.1.1' ],
38 silly audit   '@radix-ui/react-menu': [ '2.1.15' ],
38 silly audit   '@radix-ui/react-popper': [ '1.2.7' ],
38 silly audit   '@radix-ui/react-portal': [ '1.1.9' ],
38 silly audit   '@radix-ui/react-presence': [ '1.1.4' ],
38 silly audit   '@radix-ui/react-primitive': [ '2.1.3' ],
38 silly audit   '@radix-ui/react-roving-focus': [ '1.1.10' ],
38 silly audit   '@radix-ui/react-slot': [ '1.2.3' ],
38 silly audit   '@radix-ui/react-use-callback-ref': [ '1.1.1' ],
38 silly audit   '@radix-ui/react-use-controllable-state': [ '1.2.2' ],
38 silly audit   '@radix-ui/react-use-effect-event': [ '0.0.2' ],
38 silly audit   '@radix-ui/react-use-escape-keydown': [ '1.1.1' ],
38 silly audit   '@radix-ui/react-use-layout-effect': [ '1.1.1' ],
38 silly audit   '@radix-ui/react-use-rect': [ '1.1.1' ],
38 silly audit   '@radix-ui/react-use-size': [ '1.1.1' ],
38 silly audit   '@radix-ui/rect': [ '1.1.1' ],
38 silly audit   '@reduxjs/toolkit': [ '2.8.2' ],
38 silly audit   '@rtsao/scc': [ '1.1.0' ],
38 silly audit   '@rushstack/eslint-patch': [ '1.12.0' ],
38 silly audit   '@standard-schema/spec': [ '1.0.0' ],
38 silly audit   '@standard-schema/utils': [ '0.3.0' ],
38 silly audit   '@swc/helpers': [ '0.5.15' ],
38 silly audit   '@tailwindcss/node': [ '4.1.11' ],
38 silly audit   '@tailwindcss/oxide': [ '4.1.11' ],
38 silly audit   '@tailwindcss/oxide-android-arm64': [ '4.1.11' ],
38 silly audit   '@tailwindcss/oxide-darwin-arm64': [ '4.1.11' ],
38 silly audit   '@tailwindcss/oxide-darwin-x64': [ '4.1.11' ],
38 silly audit   '@tailwindcss/oxide-freebsd-x64': [ '4.1.11' ],
38 silly audit   '@tailwindcss/oxide-linux-arm-gnueabihf': [ '4.1.11' ],
38 silly audit   '@tailwindcss/oxide-linux-arm64-gnu': [ '4.1.11' ],
38 silly audit   '@tailwindcss/oxide-linux-arm64-musl': [ '4.1.11' ],
38 silly audit   '@tailwindcss/oxide-linux-x64-gnu': [ '4.1.11' ],
38 silly audit   '@tailwindcss/oxide-linux-x64-musl': [ '4.1.11' ],
38 silly audit   '@tailwindcss/oxide-wasm32-wasi': [ '4.1.11' ],
38 silly audit   '@tailwindcss/oxide-win32-arm64-msvc': [ '4.1.11' ],
38 silly audit   '@tailwindcss/oxide-win32-x64-msvc': [ '4.1.11' ],
38 silly audit   '@tailwindcss/postcss': [ '4.1.11' ],
38 silly audit   '@tybys/wasm-util': [ '0.10.0' ],
38 silly audit   '@types/d3-array': [ '3.2.1' ],
38 silly audit   '@types/d3-color': [ '3.1.3' ],
38 silly audit   '@types/d3-ease': [ '3.0.2' ],
38 silly audit   '@types/d3-interpolate': [ '3.0.4' ],
38 silly audit   '@types/d3-path': [ '3.1.1' ],
38 silly audit   '@types/d3-scale': [ '4.0.9' ],
38 silly audit   '@types/d3-shape': [ '3.1.7' ],
38 silly audit   '@types/d3-time': [ '3.0.4' ],
38 silly audit   '@types/d3-timer': [ '3.0.2' ],
38 silly audit   '@types/estree': [ '1.0.8' ],
38 silly audit   '@types/json-schema': [ '7.0.15' ],
38 silly audit   '@types/json5': [ '0.0.29' ],
38 silly audit   '@types/node': [ '20.19.9' ],
38 silly audit   '@types/react': [ '19.1.9' ],
38 silly audit   '@types/react-dom': [ '19.1.7' ],
38 silly audit   '@types/use-sync-external-store': [ '0.0.6' ],
38 silly audit   '@typescript-eslint/eslint-plugin': [ '8.38.0' ],
38 silly audit   ignore: [ '7.0.5', '5.3.2' ],
38 silly audit   '@typescript-eslint/parser': [ '8.38.0' ],
38 silly audit   '@typescript-eslint/project-service': [ '8.38.0' ],
38 silly audit   '@typescript-eslint/scope-manager': [ '8.38.0' ],
38 silly audit   '@typescript-eslint/tsconfig-utils': [ '8.38.0' ],
38 silly audit   '@typescript-eslint/type-utils': [ '8.38.0' ],
38 silly audit   '@typescript-eslint/types': [ '8.38.0' ],
38 silly audit   '@typescript-eslint/typescript-estree': [ '8.38.0' ],
38 silly audit   'brace-expansion': [ '2.0.2', '1.1.12' ],
38 silly audit   'fast-glob': [ '3.3.3', '3.3.1' ],
38 silly audit   'glob-parent': [ '5.1.2', '6.0.2' ],
38 silly audit   minimatch: [ '9.0.5', '3.1.2' ],
38 silly audit   '@typescript-eslint/utils': [ '8.38.0' ],
38 silly audit   '@typescript-eslint/visitor-keys': [ '8.38.0' ],
38 silly audit   '@unrs/resolver-binding-android-arm-eabi': [ '1.11.1' ],
38 silly audit   '@unrs/resolver-binding-android-arm64': [ '1.11.1' ],
38 silly audit   '@unrs/resolver-binding-darwin-arm64': [ '1.11.1' ],
38 silly audit   '@unrs/resolver-binding-darwin-x64': [ '1.11.1' ],
38 silly audit   '@unrs/resolver-binding-freebsd-x64': [ '1.11.1' ],
38 silly audit   '@unrs/resolver-binding-linux-arm-gnueabihf': [ '1.11.1' ],
38 silly audit   '@unrs/resolver-binding-linux-arm-musleabihf': [ '1.11.1' ],
38 silly audit   '@unrs/resolver-binding-linux-arm64-gnu': [ '1.11.1' ],
38 silly audit   '@unrs/resolver-binding-linux-arm64-musl': [ '1.11.1' ],
38 silly audit   '@unrs/resolver-binding-linux-ppc64-gnu': [ '1.11.1' ],
38 silly audit   '@unrs/resolver-binding-linux-riscv64-gnu': [ '1.11.1' ],
38 silly audit   '@unrs/resolver-binding-linux-riscv64-musl': [ '1.11.1' ],
38 silly audit   '@unrs/resolver-binding-linux-s390x-gnu': [ '1.11.1' ],
38 silly audit   '@unrs/resolver-binding-linux-x64-gnu': [ '1.11.1' ],
38 silly audit   '@unrs/resolver-binding-linux-x64-musl': [ '1.11.1' ],
38 silly audit   '@unrs/resolver-binding-wasm32-wasi': [ '1.11.1' ],
38 silly audit   '@unrs/resolver-binding-win32-arm64-msvc': [ '1.11.1' ],
38 silly audit   '@unrs/resolver-binding-win32-ia32-msvc': [ '1.11.1' ],
38 silly audit   '@unrs/resolver-binding-win32-x64-msvc': [ '1.11.1' ],
38 silly audit   acorn: [ '8.15.0' ],
38 silly audit   'acorn-jsx': [ '5.3.2' ],
38 silly audit   ajv: [ '6.12.6' ],
38 silly audit   'ansi-styles': [ '4.3.0' ],
38 silly audit   argparse: [ '2.0.1' ],
38 silly audit   'aria-hidden': [ '1.2.6' ],
38 silly audit   'aria-query': [ '5.3.2' ],
38 silly audit   'array-buffer-byte-length': [ '1.0.2' ],
38 silly audit   'array-includes': [ '3.1.9' ],
38 silly audit   'array.prototype.findlast': [ '1.2.5' ],
38 silly audit   'array.prototype.findlastindex': [ '1.2.6' ],
38 silly audit   'array.prototype.flat': [ '1.3.3' ],
38 silly audit   'array.prototype.flatmap': [ '1.3.3' ],
38 silly audit   'array.prototype.tosorted': [ '1.1.4' ],
38 silly audit   'arraybuffer.prototype.slice': [ '1.0.4' ],
38 silly audit   'ast-types-flow': [ '0.0.8' ],
38 silly audit   'async-function': [ '1.0.0' ],
38 silly audit   'available-typed-arrays': [ '1.0.7' ],
38 silly audit   'axe-core': [ '4.10.3' ],
38 silly audit   'axobject-query': [ '4.1.0' ],
38 silly audit   'balanced-match': [ '1.0.2' ],
38 silly audit   braces: [ '3.0.3' ],
38 silly audit   'call-bind': [ '1.0.8' ],
38 silly audit   'call-bind-apply-helpers': [ '1.0.2' ],
38 silly audit   'call-bound': [ '1.0.4' ],
38 silly audit   callsites: [ '3.1.0' ],
38 silly audit   'caniuse-lite': [ '1.0.30001731' ],
38 silly audit   chalk: [ '4.1.2' ],
38 silly audit   chownr: [ '3.0.0' ],
38 silly audit   'class-variance-authority': [ '0.7.1' ],
38 silly audit   'client-only': [ '0.0.1' ],
38 silly audit   clsx: [ '2.1.1' ],
38 silly audit   color: [ '4.2.3' ],
38 silly audit   'color-convert': [ '2.0.1' ],
38 silly audit   'color-name': [ '1.1.4' ],
38 silly audit   'color-string': [ '1.9.1' ],
38 silly audit   'concat-map': [ '0.0.1' ],
38 silly audit   'cross-spawn': [ '7.0.6' ],
38 silly audit   csstype: [ '3.1.3' ],
38 silly audit   'd3-array': [ '3.2.4' ],
38 silly audit   'd3-color': [ '3.1.0' ],
38 silly audit   'd3-ease': [ '3.0.1' ],
38 silly audit   'd3-format': [ '3.1.0' ],
38 silly audit   'd3-interpolate': [ '3.0.1' ],
38 silly audit   'd3-path': [ '3.1.0' ],
38 silly audit   'd3-scale': [ '4.0.2' ],
38 silly audit   'd3-shape': [ '3.2.0' ],
38 silly audit   'd3-time': [ '3.1.0' ],
38 silly audit   'd3-time-format': [ '4.1.0' ],
38 silly audit   'd3-timer': [ '3.0.1' ],
38 silly audit   'damerau-levenshtein': [ '1.0.8' ],
38 silly audit   'data-view-buffer': [ '1.0.2' ],
38 silly audit   'data-view-byte-length': [ '1.0.2' ],
38 silly audit   'data-view-byte-offset': [ '1.0.1' ],
38 silly audit   'date-fns': [ '4.1.0' ],
38 silly audit   debug: [ '4.4.1', '3.2.7' ],
38 silly audit   'decimal.js-light': [ '2.5.1' ],
38 silly audit   'deep-is': [ '0.1.4' ],
38 silly audit   'define-data-property': [ '1.1.4' ],
38 silly audit   'define-properties': [ '1.2.1' ],
38 silly audit   'detect-libc': [ '2.0.4' ],
38 silly audit   'detect-node-es': [ '1.1.0' ],
38 silly audit   doctrine: [ '2.1.0' ],
38 silly audit   'dunder-proto': [ '1.0.1' ],
38 silly audit   'emoji-regex': [ '9.2.2' ],
38 silly audit   'enhanced-resolve': [ '5.18.2' ],
38 silly audit   'es-abstract': [ '1.24.0' ],
38 silly audit   'es-define-property': [ '1.0.1' ],
38 silly audit   'es-errors': [ '1.3.0' ],
38 silly audit   'es-iterator-helpers': [ '1.2.1' ],
38 silly audit   'es-object-atoms': [ '1.1.1' ],
38 silly audit   'es-set-tostringtag': [ '2.1.0' ],
38 silly audit   'es-shim-unscopables': [ '1.1.0' ],
38 silly audit   'es-to-primitive': [ '1.3.0' ],
38 silly audit   'es-toolkit': [ '1.39.8' ],
38 silly audit   'escape-string-regexp': [ '4.0.0' ],
38 silly audit   eslint: [ '9.32.0' ],
38 silly audit   'eslint-config-next': [ '15.4.5' ],
38 silly audit   'eslint-import-resolver-node': [ '0.3.9' ],
38 silly audit   'eslint-import-resolver-typescript': [ '3.10.1' ],
38 silly audit   'eslint-module-utils': [ '2.12.1' ],
38 silly audit   'eslint-plugin-import': [ '2.32.0' ],
38 silly audit   semver: [ '6.3.1', '7.7.2' ],
38 silly audit   'eslint-plugin-jsx-a11y': [ '6.10.2' ],
38 silly audit   'eslint-plugin-react': [ '7.37.5' ],
38 silly audit   'eslint-plugin-react-hooks': [ '5.2.0' ],
38 silly audit   resolve: [ '2.0.0-next.5', '1.22.10' ],
38 silly audit   'eslint-scope': [ '8.4.0' ],
38 silly audit   espree: [ '10.4.0' ],
38 silly audit   esquery: [ '1.6.0' ],
38 silly audit   esrecurse: [ '4.3.0' ],
38 silly audit   estraverse: [ '5.3.0' ],
38 silly audit   esutils: [ '2.0.3' ],
38 silly audit   eventemitter3: [ '5.0.1' ],
38 silly audit   'fast-deep-equal': [ '3.1.3' ],
38 silly audit   'fast-json-stable-stringify': [ '2.1.0' ],
38 silly audit   'fast-levenshtein': [ '2.0.6' ],
38 silly audit   fastq: [ '1.19.1' ],
38 silly audit   'file-entry-cache': [ '8.0.0' ],
38 silly audit   'fill-range': [ '7.1.1' ],
38 silly audit   'find-up': [ '5.0.0' ],
38 silly audit   'flat-cache': [ '4.0.1' ],
38 silly audit   flatted: [ '3.3.3' ],
38 silly audit   'for-each': [ '0.3.5' ],
38 silly audit   'function-bind': [ '1.1.2' ],
38 silly audit   'function.prototype.name': [ '1.1.8' ],
38 silly audit   'functions-have-names': [ '1.2.3' ],
38 silly audit   'get-intrinsic': [ '1.3.0' ],
38 silly audit   'get-nonce': [ '1.0.1' ],
38 silly audit   'get-proto': [ '1.0.1' ],
38 silly audit   'get-symbol-description': [ '1.1.0' ],
38 silly audit   'get-tsconfig': [ '4.10.1' ],
38 silly audit   globals: [ '14.0.0' ],
38 silly audit   globalthis: [ '1.0.4' ],
38 silly audit   goober: [ '2.1.16' ],
38 silly audit   gopd: [ '1.2.0' ],
38 silly audit   'graceful-fs': [ '4.2.11' ],
38 silly audit   graphemer: [ '1.4.0' ],
38 silly audit   'has-bigints': [ '1.1.0' ],
38 silly audit   'has-flag': [ '4.0.0' ],
38 silly audit   'has-property-descriptors': [ '1.0.2' ],
38 silly audit   'has-proto': [ '1.2.0' ],
38 silly audit   'has-symbols': [ '1.1.0' ],
38 silly audit   'has-tostringtag': [ '1.0.2' ],
38 silly audit   hasown: [ '2.0.2' ],
38 silly audit   immer: [ '10.1.1' ],
38 silly audit   'import-fresh': [ '3.3.1' ],
38 silly audit   imurmurhash: [ '0.1.4' ],
38 silly audit   'internal-slot': [ '1.1.0' ],
38 silly audit   internmap: [ '2.0.3' ],
38 silly audit   'is-array-buffer': [ '3.0.5' ],
38 silly audit   'is-arrayish': [ '0.3.2' ],
38 silly audit   'is-async-function': [ '2.1.1' ],
38 silly audit   'is-bigint': [ '1.1.0' ],
38 silly audit   'is-boolean-object': [ '1.2.2' ],
38 silly audit   'is-bun-module': [ '2.0.0' ],
38 silly audit   'is-callable': [ '1.2.7' ],
38 silly audit   'is-core-module': [ '2.16.1' ],
38 silly audit   'is-data-view': [ '1.0.2' ],
38 silly audit   'is-date-object': [ '1.1.0' ],
38 silly audit   'is-extglob': [ '2.1.1' ],
38 silly audit   'is-finalizationregistry': [ '1.1.1' ],
38 silly audit   'is-generator-function': [ '1.1.0' ],
38 silly audit   'is-glob': [ '4.0.3' ],
38 silly audit   'is-map': [ '2.0.3' ],
38 silly audit   'is-negative-zero': [ '2.0.3' ],
38 silly audit   'is-number': [ '7.0.0' ],
38 silly audit   'is-number-object': [ '1.1.1' ],
38 silly audit   'is-regex': [ '1.2.1' ],
38 silly audit   'is-set': [ '2.0.3' ],
38 silly audit   'is-shared-array-buffer': [ '1.0.4' ],
38 silly audit   'is-string': [ '1.1.1' ],
38 silly audit   'is-symbol': [ '1.1.1' ],
38 silly audit   'is-typed-array': [ '1.1.15' ],
38 silly audit   'is-weakmap': [ '2.0.2' ],
38 silly audit   'is-weakref': [ '1.1.1' ],
38 silly audit   'is-weakset': [ '2.0.4' ],
38 silly audit   isarray: [ '2.0.5' ],
38 silly audit   isexe: [ '2.0.0' ],
38 silly audit   'iterator.prototype': [ '1.1.5' ],
38 silly audit   jiti: [ '2.5.1' ],
38 silly audit   'js-tokens': [ '4.0.0' ],
38 silly audit   'js-yaml': [ '4.1.0' ],
38 silly audit   'json-buffer': [ '3.0.1' ],
38 silly audit   'json-schema-traverse': [ '0.4.1' ],
38 silly audit   'json-stable-stringify-without-jsonify': [ '1.0.1' ],
38 silly audit   json5: [ '1.0.2' ],
38 silly audit   'jsx-ast-utils': [ '3.3.5' ],
38 silly audit   keyv: [ '4.5.4' ],
38 silly audit   'language-subtag-registry': [ '0.3.23' ],
38 silly audit   'language-tags': [ '1.0.9' ],
38 silly audit   levn: [ '0.4.1' ],
38 silly audit   lightningcss: [ '1.30.1' ],
38 silly audit   'lightningcss-darwin-arm64': [ '1.30.1' ],
38 silly audit   'lightningcss-darwin-x64': [ '1.30.1' ],
38 silly audit   'lightningcss-freebsd-x64': [ '1.30.1' ],
38 silly audit   'lightningcss-linux-arm-gnueabihf': [ '1.30.1' ],
38 silly audit   'lightningcss-linux-arm64-gnu': [ '1.30.1' ],
38 silly audit   'lightningcss-linux-arm64-musl': [ '1.30.1' ],
38 silly audit   'lightningcss-linux-x64-gnu': [ '1.30.1' ],
38 silly audit   'lightningcss-linux-x64-musl': [ '1.30.1' ],
38 silly audit   'lightningcss-win32-arm64-msvc': [ '1.30.1' ],
38 silly audit   'lightningcss-win32-x64-msvc': [ '1.30.1' ],
38 silly audit   'locate-path': [ '6.0.0' ],
38 silly audit   'lodash.merge': [ '4.6.2' ],
38 silly audit   'loose-envify': [ '1.4.0' ],
38 silly audit   'lucide-react': [ '0.535.0' ],
38 silly audit   'magic-string': [ '0.30.17' ],
38 silly audit   'math-intrinsics': [ '1.1.0' ],
38 silly audit   merge2: [ '1.4.1' ],
38 silly audit   micromatch: [ '4.0.8' ],
38 silly audit   minimist: [ '1.2.8' ],
38 silly audit   minipass: [ '7.1.2' ],
38 silly audit   minizlib: [ '3.0.2' ],
38 silly audit   mkdirp: [ '3.0.1' ],
38 silly audit   ms: [ '2.1.3' ],
38 silly audit   nanoid: [ '3.3.11' ],
38 silly audit   'napi-postinstall': [ '0.3.2' ],
38 silly audit   'natural-compare': [ '1.4.0' ],
38 silly audit   next: [ '15.4.5' ],
38 silly audit   'next-themes': [ '0.4.6' ],
38 silly audit   postcss: [ '8.4.31', '8.5.6' ],
38 silly audit   'object-assign': [ '4.1.1' ],
38 silly audit   'object-inspect': [ '1.13.4' ],
38 silly audit   'object-keys': [ '1.1.1' ],
38 silly audit   'object.assign': [ '4.1.7' ],
38 silly audit   'object.entries': [ '1.1.9' ],
38 silly audit   'object.fromentries': [ '2.0.8' ],
38 silly audit   'object.groupby': [ '1.0.3' ],
38 silly audit   'object.values': [ '1.2.1' ],
38 silly audit   optionator: [ '0.9.4' ],
38 silly audit   'own-keys': [ '1.0.1' ],
38 silly audit   'p-limit': [ '3.1.0' ],
38 silly audit   'p-locate': [ '5.0.0' ],
38 silly audit   'parent-module': [ '1.0.1' ],
38 silly audit   'path-exists': [ '4.0.0' ],
38 silly audit   'path-key': [ '3.1.1' ],
38 silly audit   'path-parse': [ '1.0.7' ],
38 silly audit   picocolors: [ '1.1.1' ],
38 silly audit   picomatch: [ '2.3.1', '4.0.3' ],
38 silly audit   'possible-typed-array-names': [ '1.1.0' ],
38 silly audit   'prelude-ls': [ '1.2.1' ],
38 silly audit   'prop-types': [ '15.8.1' ],
38 silly audit   'react-is': [ '16.13.1', '19.1.1' ],
38 silly audit   punycode: [ '2.3.1' ],
38 silly audit   'queue-microtask': [ '1.2.3' ],
38 silly audit   react: [ '19.1.0' ],
38 silly audit   'react-dom': [ '19.1.0' ],
38 silly audit   'react-hot-toast': [ '2.5.2' ],
38 silly audit   'react-redux': [ '9.2.0' ],
38 silly audit   'react-remove-scroll': [ '2.7.1' ],
38 silly audit   'react-remove-scroll-bar': [ '2.3.8' ],
38 silly audit   'react-style-singleton': [ '2.2.3' ],
38 silly audit   recharts: [ '3.1.0' ],
38 silly audit   redux: [ '5.0.1' ],
38 silly audit   'redux-thunk': [ '3.1.0' ],
38 silly audit   'reflect.getprototypeof': [ '1.0.10' ],
38 silly audit   'regexp.prototype.flags': [ '1.5.4' ],
38 silly audit   reselect: [ '5.1.1' ],
38 silly audit   'resolve-from': [ '4.0.0' ],
38 silly audit   'resolve-pkg-maps': [ '1.0.0' ],
38 silly audit   reusify: [ '1.1.0' ],
38 silly audit   'run-parallel': [ '1.2.0' ],
38 silly audit   'safe-array-concat': [ '1.1.3' ],
38 silly audit   'safe-push-apply': [ '1.0.0' ],
38 silly audit   'safe-regex-test': [ '1.1.0' ],
38 silly audit   scheduler: [ '0.26.0' ],
38 silly audit   'set-function-length': [ '1.2.2' ],
38 silly audit   'set-function-name': [ '2.0.2' ],
38 silly audit   'set-proto': [ '1.0.0' ],
38 silly audit   sharp: [ '0.34.3' ],
38 silly audit   'shebang-command': [ '2.0.0' ],
38 silly audit   'shebang-regex': [ '3.0.0' ],
38 silly audit   'side-channel': [ '1.1.0' ],
38 silly audit   'side-channel-list': [ '1.0.0' ],
38 silly audit   'side-channel-map': [ '1.0.1' ],
38 silly audit   'side-channel-weakmap': [ '1.0.2' ],
38 silly audit   'simple-swizzle': [ '0.2.2' ],
38 silly audit   'source-map-js': [ '1.2.1' ],
38 silly audit   'stable-hash': [ '0.0.5' ],
38 silly audit   'stop-iteration-iterator': [ '1.1.0' ],
38 silly audit   'string.prototype.includes': [ '2.0.1' ],
38 silly audit   'string.prototype.matchall': [ '4.0.12' ],
38 silly audit   'string.prototype.repeat': [ '1.0.0' ],
38 silly audit   'string.prototype.trim': [ '1.2.10' ],
38 silly audit   'string.prototype.trimend': [ '1.0.9' ],
38 silly audit   'string.prototype.trimstart': [ '1.0.8' ],
38 silly audit   'strip-bom': [ '3.0.0' ],
38 silly audit   'strip-json-comments': [ '3.1.1' ],
38 silly audit   'styled-jsx': [ '5.1.6' ],
38 silly audit   'supports-color': [ '7.2.0' ],
38 silly audit   'supports-preserve-symlinks-flag': [ '1.0.0' ],
38 silly audit   'tailwind-merge': [ '3.3.1' ],
38 silly audit   tailwindcss: [ '4.1.11' ],
38 silly audit   tapable: [ '2.2.2' ],
38 silly audit   tar: [ '7.4.3' ],
38 silly audit   'tiny-invariant': [ '1.3.3' ],
38 silly audit   tinyglobby: [ '0.2.14' ],
38 silly audit   fdir: [ '6.4.6' ],
38 silly audit   'to-regex-range': [ '5.0.1' ],
38 silly audit   'ts-api-utils': [ '2.1.0' ],
38 silly audit   'tsconfig-paths': [ '3.15.0' ],
38 silly audit   tslib: [ '2.8.1' ],
38 silly audit   'tw-animate-css': [ '1.3.6' ],
38 silly audit   'type-check': [ '0.4.0' ],
38 silly audit   'typed-array-buffer': [ '1.0.3' ],
38 silly audit   'typed-array-byte-length': [ '1.0.3' ],
38 silly audit   'typed-array-byte-offset': [ '1.0.4' ],
38 silly audit   'typed-array-length': [ '1.0.7' ],
38 silly audit   typescript: [ '5.8.3' ],
38 silly audit   'unbox-primitive': [ '1.1.0' ],
38 silly audit   'undici-types': [ '6.21.0' ],
38 silly audit   'unrs-resolver': [ '1.11.1' ],
38 silly audit   'uri-js': [ '4.4.1' ],
38 silly audit   'use-callback-ref': [ '1.3.3' ],
38 silly audit   'use-sidecar': [ '1.1.3' ],
38 silly audit   'use-sync-external-store': [ '1.5.0' ],
38 silly audit   'victory-vendor': [ '37.3.6' ],
38 silly audit   which: [ '2.0.2' ],
38 silly audit   'which-boxed-primitive': [ '1.1.1' ],
38 silly audit   'which-builtin-type': [ '1.2.1' ],
38 silly audit   'which-collection': [ '1.0.2' ],
38 silly audit   'which-typed-array': [ '1.1.19' ],
38 silly audit   'word-wrap': [ '1.2.5' ],
38 silly audit   yallist: [ '5.0.0' ],
38 silly audit   'yocto-queue': [ '0.1.0' ],
38 silly audit   '@tanstack/react-table': [ '8.21.3' ],
38 silly audit   '@tanstack/table-core': [ '8.21.3' ]
38 silly audit }
39 http cache @tanstack/table-core@https://registry.npmjs.org/@tanstack/table-core/-/table-core-8.21.3.tgz 0ms (cache hit)
40 silly tarball no local data for @tanstack/table-core@https://registry.npmjs.org/@tanstack/table-core/-/table-core-8.21.3.tgz. Extracting by manifest.
41 http cache @tanstack/react-table@https://registry.npmjs.org/@tanstack/react-table/-/react-table-8.21.3.tgz 0ms (cache hit)
42 silly tarball no local data for @tanstack/react-table@https://registry.npmjs.org/@tanstack/react-table/-/react-table-8.21.3.tgz. Extracting by manifest.
43 http fetch POST 200 https://registry.npmjs.org/-/npm/v1/security/advisories/bulk 366ms
44 silly audit report {}
45 http fetch GET 200 https://registry.npmjs.org/@tanstack/table-core/-/table-core-8.21.3.tgz 1804ms (cache miss)
46 http fetch GET 200 https://registry.npmjs.org/@tanstack/react-table/-/react-table-8.21.3.tgz 1887ms (cache miss)
47 silly ADD node_modules/@tanstack/table-core
48 silly ADD node_modules/@tanstack/react-table
49 verbose cwd /home/krishna/admybrand-insights
50 verbose os Linux 6.6.87.2-microsoft-standard-WSL2
51 verbose node v24.1.0
52 verbose npm  v11.5.1
53 verbose exit 0
54 info ok
